<?xml version="1.0" encoding="UTF-8"?>
<testsuite name="WebDriverTest" tests="1" skipped="0" failures="0" errors="0" timestamp="2021-05-17T19:48:47" hostname="Leofesk-Air-13" time="9.993">
  <properties/>
  <testcase name="testWebDriver()" classname="WebDriverTest" time="9.993"/>
  <system-out><![CDATA[]]></system-out>
  <system-err><![CDATA[Starting ChromeDriver 90.0.4430.24 (4c6d850f087da467d926e8eddb76550aed655991-refs/branch-heads/4430@{#429}) on port 38085
Only local connections are allowed.
Please see https://chromedriver.chromium.org/security-considerations for suggestions on keeping ChromeDriver safe.
ChromeDriver was started successfully.
May 17, 2021 10:48:52 PM org.openqa.selenium.remote.ProtocolHandshake createSession
INFO: Detected dialect: W3C
]]></system-err>
</testsuite>
